[13:55:49] [main/INFO]: Environment: authHost='https://authserver.mojang.com', accountsHost='https://api.mojang.com', sessionHost='https://sessionserver.mojang.com', name='PROD'
[13:55:52] [main/WARN]: Ambiguity between arguments [teleport, destination] and [teleport, targets] with inputs: [Player, 0123, @e, dd12be42-52a9-4a91-a8a1-11c01849e498]
[13:55:52] [main/WARN]: Ambiguity between arguments [teleport, location] and [teleport, destination] with inputs: [0.1 -0.5 .9, 0 0 0]
[13:55:52] [main/WARN]: Ambiguity between arguments [teleport, location] and [teleport, targets] with inputs: [0.1 -0.5 .9, 0 0 0]
[13:55:52] [main/WARN]: Ambiguity between arguments [teleport, targets] and [teleport, destination] with inputs: [Player, 0123, dd12be42-52a9-4a91-a8a1-11c01849e498]
[13:55:52] [main/WARN]: Ambiguity between arguments [teleport, targets, location] and [teleport, targets, destination] with inputs: [0.1 -0.5 .9, 0 0 0]
[13:55:52] [main/INFO]: Reloading ResourceManager: Default
[13:55:53] [Worker-Main-4/INFO]: Loaded 7 recipes
[13:55:54] [Worker-Main-4/INFO]: Loaded 927 advancements
[13:55:57] [Server thread/INFO]: Starting minecraft server version 1.16.1
[13:55:57] [Server thread/INFO]: Loading properties
[13:55:57] [Server thread/INFO]: Default game type: SURVIVAL
[13:55:57] [Server thread/INFO]: Generating keypair
[13:55:57] [Server thread/INFO]: Starting Minecraft server on *:25565
[13:55:57] [Server thread/INFO]: Using epoll channel type
[13:55:58] [Server thread/INFO]: Preparing level "world"
[13:55:58] [Server thread/INFO]: Preparing start region for dimension minecraft:overworld
[13:56:02] [Server thread/INFO]: Preparing spawn area: 0%
[13:56:02] [Server thread/INFO]: Preparing spawn area: 0%
[13:56:02] [Server thread/INFO]: Preparing spawn area: 0%
[13:56:02] [Server thread/INFO]: Preparing spawn area: 0%
[13:56:02] [Server thread/INFO]: Preparing spawn area: 0%
[13:56:02] [Server thread/INFO]: Preparing spawn area: 0%
[13:56:02] [Server thread/INFO]: Preparing spawn area: 0%
[13:56:02] [Server thread/INFO]: Preparing spawn area: 0%
[13:56:02] [Server thread/INFO]: Preparing spawn area: 0%
[13:56:03] [Server thread/INFO]: Preparing spawn area: 0%
[13:56:03] [Server thread/INFO]: Preparing spawn area: 1%
[13:56:04] [Server thread/INFO]: Preparing spawn area: 1%
[13:56:10] [Worker-Main-4/INFO]: Preparing spawn area: 83%
[13:56:10] [Worker-Main-5/INFO]: Preparing spawn area: 83%
[13:56:10] [Worker-Main-6/INFO]: Preparing spawn area: 83%
[13:56:10] [Worker-Main-4/INFO]: Preparing spawn area: 83%
[13:56:10] [Worker-Main-4/INFO]: Preparing spawn area: 83%
[13:56:10] [Worker-Main-6/INFO]: Preparing spawn area: 83%
[13:56:10] [Worker-Main-6/INFO]: Preparing spawn area: 83%
[13:56:10] [Worker-Main-6/INFO]: Preparing spawn area: 83%
[13:56:10] [Worker-Main-6/INFO]: Preparing spawn area: 83%
[13:56:10] [Worker-Main-4/INFO]: Preparing spawn area: 83%
[13:56:10] [Worker-Main-4/INFO]: Preparing spawn area: 83%
[13:56:10] [Worker-Main-5/INFO]: Preparing spawn area: 83%
[13:56:10] [Worker-Main-6/INFO]: Preparing spawn area: 83%
[13:56:11] [Worker-Main-4/INFO]: Preparing spawn area: 83%
[13:56:11] [Worker-Main-4/INFO]: Preparing spawn area: 83%
[13:56:12] [Worker-Main-5/INFO]: Preparing spawn area: 83%
[13:56:12] [Worker-Main-6/INFO]: Preparing spawn area: 83%
[13:56:13] [Worker-Main-5/INFO]: Preparing spawn area: 83%
[13:56:13] [Worker-Main-6/INFO]: Preparing spawn area: 83%
[13:56:14] [Worker-Main-6/INFO]: Preparing spawn area: 83%
[13:56:14] [Worker-Main-5/INFO]: Preparing spawn area: 83%
[13:56:15] [Worker-Main-5/INFO]: Preparing spawn area: 83%
[13:56:15] [Worker-Main-6/INFO]: Preparing spawn area: 83%
[13:56:16] [Worker-Main-5/INFO]: Preparing spawn area: 84%
[13:56:16] [Worker-Main-4/INFO]: Preparing spawn area: 84%
[13:56:17] [Worker-Main-6/INFO]: Preparing spawn area: 85%
[13:56:17] [Worker-Main-4/INFO]: Preparing spawn area: 87%
[13:56:18] [Worker-Main-4/INFO]: Preparing spawn area: 89%
[13:56:18] [Worker-Main-5/INFO]: Preparing spawn area: 90%
[13:56:19] [Server thread/INFO]: Preparing spawn area: 93%
[13:56:19] [Worker-Main-4/INFO]: Preparing spawn area: 95%
[13:56:20] [Server thread/INFO]: Preparing spawn area: 97%
[13:56:20] [Server thread/INFO]: Time elapsed: 21895 ms
[13:56:20] [Server thread/INFO]: Done (22.219s)! For help, type "help"
[13:56:20] [Server thread/INFO]: Starting remote control listener
[13:56:20] [Server thread/INFO]: Thread RCON Listener started
[13:56:20] [RCON Listener #1/INFO]: RCON running on 0.0.0.0:25575
